1674081313247:help
1674081321883:exit
1674081523955:help
1674081588982:minimum-free-disk-space
1674081602600:to-lowercase
1674081637893:exit
1674081668920:help
1674081701236:to-Lowercase HalloWelt
1674081710945:to-lowercase HalloWelt
1674081728833:to-lowercase Hallo Welt
1674081754877:to-lowercase 'Hallo Welt'
1674081767125:to-lowercase "Hallo Welt"
1674081769342:exit
1674081927913:help
1674081934559:free-disk-space
1674081970744:exit
1674168102127:help
1674168112697:free-disk-space
1674416254983:help
1674416262071:show-photo u1
1674429723152:exit
1674936107877:help
1674936157949:upload-photo 'C:/Users/Bastina/Pictures/u2.jpg'
1675111009522:exit
1675197629563:help
1675197644066:version
1675197655790:staxktrace
1675197662238:stacktrace
1675197669248:help
1675197674083:clear
1675197684701:user-home
1675197688206:exit
1675197864830:help
1675197870406:user-home
1675197878909:exit
1675198291626:user-home
1675198294079:exit
1675198963545:help
1675198971416:minimum-free-disk-space
1675199040216:exit
1675199074213:minimum-free-disk-space
1675199235300:help
1675199240294:minimum-free-disk-space
1675199244401:exit
1675202914261:help
1675202919535:minimum-free-disk-space
1675202945972:stacktrace
1675202977004:exit
1675203041854:minimum-free-disk-space
1675203045656:exit
1675203092497:minimum-free-disk-space
1675203095050:exit
1675205157571:help
1675205163893:minimum-free-disk-space
1675205378130:exit
1675205425898:minimum-free-disk-space
1675205427827:exit
1675373760165:help
1675373765620:env-log
1675374064848:exit
1675377360846:help
1675377368196:upload-photo
1675377393115:user-home
1675377427884:upload-photo C:\\Users\\Bastina\\fs\\u1.jpg
1675377453899:upload-photo C:/Users/Bastina/fs/u1.jpg
1675547325110:exists "c:/"
1675547553209:exists "d:/"
1675547683464:exists "c:/"
1675547919004:help
1675547930671:exists "d:/"
1675547937920:exists "D:/"
1675547974774:exists "C:/"
1675548026979:exit
1675609187616:help
1675609198611:minimum-free-disk-space
1675609204993:exit
